0 info it worked if it ends with ok
1 verbose cli [ '/Users/Dustin/.nvm/versions/node/v4.2.0/bin/node',
1 verbose cli   '/Users/Dustin/.nvm/versions/node/v4.2.0/bin/npm',
1 verbose cli   'install',
1 verbose cli   'ngcordova' ]
2 info using npm@2.14.7
3 info using node@v4.2.0
4 verbose install initial load of /Users/Dustin/tiy_Docs/homework_assignments/PediaAppointment-Final-Project/mobile/package.json
5 warn package.json mobile@1.1.1 No repository field.
6 warn package.json mobile@1.1.1 No README data
7 warn package.json mobile@1.1.1 No license field.
8 verbose readDependencies loading dependencies from /Users/Dustin/tiy_Docs/homework_assignments/PediaAppointment-Final-Project/mobile/package.json
9 silly cache add args [ 'ngcordova', null ]
10 verbose cache add spec ngcordova
11 silly cache add parsed spec Result {
11 silly cache add   raw: 'ngcordova',
11 silly cache add   scope: null,
11 silly cache add   name: 'ngcordova',
11 silly cache add   rawSpec: '',
11 silly cache add   spec: '*',
11 silly cache add   type: 'range' }
12 silly addNamed ngcordova@*
13 verbose addNamed "*" is a valid semver range for ngcordova
14 silly addNameRange { name: 'ngcordova', range: '*', hasData: false }
15 silly mapToRegistry name ngcordova
16 silly mapToRegistry using default registry
17 silly mapToRegistry registry https://registry.npmjs.org/
18 silly mapToRegistry uri https://registry.npmjs.org/ngcordova
19 verbose addNameRange registry:https://registry.npmjs.org/ngcordova not in flight; fetching
20 verbose request uri https://registry.npmjs.org/ngcordova
21 verbose request no auth needed
22 info attempt registry request try #1 at 4:38:11 PM
23 verbose request id 0f283eb9f9fa35ce
24 http request GET https://registry.npmjs.org/ngcordova
25 http 404 https://registry.npmjs.org/ngcordova
26 verbose headers { 'content-type': 'application/json',
26 verbose headers   'cache-control': 'max-age=0',
26 verbose headers   'content-length': '2',
26 verbose headers   'accept-ranges': 'bytes',
26 verbose headers   date: 'Tue, 05 Jan 2016 21:38:12 GMT',
26 verbose headers   via: '1.1 varnish',
26 verbose headers   age: '0',
26 verbose headers   connection: 'keep-alive',
26 verbose headers   'x-served-by': 'cache-jfk1028-JFK',
26 verbose headers   'x-cache': 'MISS',
26 verbose headers   'x-cache-hits': '0',
26 verbose headers   'x-timer': 'S1452029892.250596,VS0,VE21' }
27 silly get cb [ 404,
27 silly get   { 'content-type': 'application/json',
27 silly get     'cache-control': 'max-age=0',
27 silly get     'content-length': '2',
27 silly get     'accept-ranges': 'bytes',
27 silly get     date: 'Tue, 05 Jan 2016 21:38:12 GMT',
27 silly get     via: '1.1 varnish',
27 silly get     age: '0',
27 silly get     connection: 'keep-alive',
27 silly get     'x-served-by': 'cache-jfk1028-JFK',
27 silly get     'x-cache': 'MISS',
27 silly get     'x-cache-hits': '0',
27 silly get     'x-timer': 'S1452029892.250596,VS0,VE21' } ]
28 verbose stack Error: Registry returned 404 for GET on https://registry.npmjs.org/ngcordova
28 verbose stack     at makeError (/Users/Dustin/.nvm/versions/node/v4.2.0/lib/node_modules/npm/node_modules/npm-registry-client/lib/request.js:264:12)
28 verbose stack     at CachingRegistryClient.<anonymous> (/Users/Dustin/.nvm/versions/node/v4.2.0/lib/node_modules/npm/node_modules/npm-registry-client/lib/request.js:242:14)
28 verbose stack     at Request._callback (/Users/Dustin/.nvm/versions/node/v4.2.0/lib/node_modules/npm/node_modules/npm-registry-client/lib/request.js:172:14)
28 verbose stack     at Request.self.callback (/Users/Dustin/.nvm/versions/node/v4.2.0/lib/node_modules/npm/node_modules/request/request.js:198:22)
28 verbose stack     at emitTwo (events.js:87:13)
28 verbose stack     at Request.emit (events.js:172:7)
28 verbose stack     at Request.<anonymous> (/Users/Dustin/.nvm/versions/node/v4.2.0/lib/node_modules/npm/node_modules/request/request.js:1063:14)
28 verbose stack     at emitOne (events.js:82:20)
28 verbose stack     at Request.emit (events.js:169:7)
28 verbose stack     at IncomingMessage.<anonymous> (/Users/Dustin/.nvm/versions/node/v4.2.0/lib/node_modules/npm/node_modules/request/request.js:1009:12)
29 verbose statusCode 404
30 verbose pkgid ngcordova
31 verbose cwd /Users/Dustin/tiy_Docs/homework_assignments/PediaAppointment-Final-Project/mobile
32 error Darwin 14.5.0
33 error argv "/Users/Dustin/.nvm/versions/node/v4.2.0/bin/node" "/Users/Dustin/.nvm/versions/node/v4.2.0/bin/npm" "install" "ngcordova"
34 error node v4.2.0
35 error npm  v2.14.7
36 error code E404
37 error 404 Registry returned 404 for GET on https://registry.npmjs.org/ngcordova
37 error 404
37 error 404 'ngcordova' is not in the npm registry.
37 error 404 You should bug the author to publish it (or use the name yourself!)
37 error 404 It was specified as a dependency of 'mobile'
37 error 404
37 error 404 Note that you can also install from a
37 error 404 tarball, folder, http url, or git url.
38 verbose exit [ 1, true ]
